<?xml version="1.0" encoding="UTF-8"?>
<!-- Generated by org.testng.reporters.JUnitReportReporter -->
<testsuite skipped="0" hostname="sunshine-PC" name="testngvariations.TestngDataprivder" tests="2" failures="0" timestamp="25 Mar 2019 06:15:53 GMT" time="32.020" errors="0">
  <testcase name="rediffLogin" time="17.085" classname="testngvariations.TestngDataprivder"/>
  <testcase name="rediffLogin" time="14.935" classname="testngvariations.TestngDataprivder"/>
</testsuite> <!-- testngvariations.TestngDataprivder -->
