<?xml version="1.0" encoding="UTF-8"?>
<!-- Generated by org.testng.reporters.JUnitReportReporter -->
<testsuite skipped="0" hostname="sunshine-PC" name="testngvariations.HdfcInsurance" tests="1" failures="0" timestamp="25 Mar 2019 10:36:59 GMT" time="42.290" errors="0">
  <testcase name="hdfcnavigation" time="42.290" classname="testngvariations.HdfcInsurance"/>
</testsuite> <!-- testngvariations.HdfcInsurance -->
