<?xml version="1.0" encoding="UTF-8"?>
<!-- Generated by org.testng.reporters.JUnitReportReporter -->
<testsuite skipped="0" hostname="sunshine-PC" name="testngvariations.TestngDataprivder" tests="2" failures="0" timestamp="25 Mar 2019 04:53:46 GMT" time="35.939" errors="0">
  <testcase name="rediffLogin" time="19.512" classname="testngvariations.TestngDataprivder"/>
  <testcase name="rediffLogin" time="16.427" classname="testngvariations.TestngDataprivder"/>
</testsuite> <!-- testngvariations.TestngDataprivder -->
